# JRE version: Java(TM) SE Runtime Environment (8.0_271-b09) (build 1.8.0_271-b09)
# Java VM: Java HotSpot(TM) 64-Bit Server VM (25.271-b09 mixed mode windows-amd64 compressed oops)
Heap:
 PSYoungGen      total 75776K, used 30597K [0x00000000ec800000, 0x00000000f1e80000, 0x0000000100000000)
  eden space 64000K, 40% used [0x00000000ec800000,0x00000000ee104f88,0x00000000f0680000)
  from space 11776K, 42% used [0x00000000f1180000,0x00000000f165c820,0x00000000f1d00000)
  to   space 11264K, 0% used [0x00000000f0680000,0x00000000f0680000,0x00000000f1180000)
 ParOldGen       total 62976K, used 21045K [0x00000000c5800000, 0x00000000c9580000, 0x00000000ec800000)
  object space 62976K, 33% used [0x00000000c5800000,0x00000000c6c8d468,0x00000000c9580000)
 Metaspace       used 41983K, capacity 43512K, committed 43864K, reserved 1087488K
  class space    used 5431K, capacity 5716K, committed 5760K, reserved 1048576K
GC Heap History (10 events):
Event: 6.092 GC heap before
{Heap before GC invocations=6 (full 1):
 PSYoungGen      total 33280K, used 30720K [0x00000000ec800000, 0x00000000f0900000, 0x0000000100000000)
  eden space 30720K, 100% used [0x00000000ec800000,0x00000000ee600000,0x00000000ee600000)
  from space 2560K, 0% used [0x00000000ee880000,0x00000000ee880000,0x00000000eeb00000)
  to   space 2560K, 0% used [0x00000000ee600000,0x00000000ee600000,0x00000000ee880000)
 ParOldGen       total 41472K, used 10956K [0x00000000c5800000, 0x00000000c8080000, 0x00000000ec800000)
  object space 41472K, 26% used [0x00000000c5800000,0x00000000c62b31a0,0x00000000c8080000)
 Metaspace       used 26881K, capacity 28256K, committed 28416K, reserved 1073152K
  class space    used 3683K, capacity 3989K, committed 4096K, reserved 1048576K
Event: 6.101 GC heap after
Heap after GC invocations=6 (full 1):
 PSYoungGen      total 33280K, used 2528K [0x00000000ec800000, 0x00000000f0880000, 0x0000000100000000)
  eden space 30720K, 0% used [0x00000000ec800000,0x00000000ec800000,0x00000000ee600000)
  from space 2560K, 98% used [0x00000000ee600000,0x00000000ee878010,0x00000000ee880000)
  to   space 11264K, 0% used [0x00000000efd80000,0x00000000efd80000,0x00000000f0880000)
 ParOldGen       total 41472K, used 17197K [0x00000000c5800000, 0x00000000c8080000, 0x00000000ec800000)
  object space 41472K, 41% used [0x00000000c5800000,0x00000000c68cb740,0x00000000c8080000)
 Metaspace       used 26881K, capacity 28256K, committed 28416K, reserved 1073152K
  class space    used 3683K, capacity 3989K, committed 4096K, reserved 1048576K
}
Event: 11.976 GC heap before
{Heap before GC invocations=7 (full 1):
 PSYoungGen      total 33280K, used 33248K [0x00000000ec800000, 0x00000000f0880000, 0x0000000100000000)
  eden space 30720K, 100% used [0x00000000ec800000,0x00000000ee600000,0x00000000ee600000)
  from space 2560K, 98% used [0x00000000ee600000,0x00000000ee878010,0x00000000ee880000)
  to   space 11264K, 0% used [0x00000000efd80000,0x00000000efd80000,0x00000000f0880000)
 ParOldGen       total 41472K, used 17197K [0x00000000c5800000, 0x00000000c8080000, 0x00000000ec800000)
  object space 41472K, 41% used [0x00000000c5800000,0x00000000c68cb740,0x00000000c8080000)
 Metaspace       used 30994K, capacity 32440K, committed 32640K, reserved 1077248K
  class space    used 4181K, capacity 4461K, committed 4480K, reserved 1048576K
Event: 11.986 GC heap after
Heap after GC invocations=7 (full 1):
 PSYoungGen      total 49664K, used 6714K [0x00000000ec800000, 0x00000000f0580000, 0x0000000100000000)
  eden space 41472K, 0% used [0x00000000ec800000,0x00000000ec800000,0x00000000ef080000)
  from space 8192K, 81% used [0x00000000efd80000,0x00000000f040ea68,0x00000000f0580000)
  to   space 10752K, 0% used [0x00000000ef080000,0x00000000ef080000,0x00000000efb00000)
 ParOldGen       total 41472K, used 17197K [0x00000000c5800000, 0x00000000c8080000, 0x00000000ec800000)
  object space 41472K, 41% used [0x00000000c5800000,0x00000000c68cb740,0x00000000c8080000)
 Metaspace       used 30994K, capacity 32440K, committed 32640K, reserved 1077248K
  class space    used 4181K, capacity 4461K, committed 4480K, reserved 1048576K
}
Event: 12.223 GC heap before
{Heap before GC invocations=8 (full 1):
 PSYoungGen      total 49664K, used 28702K [0x00000000ec800000, 0x00000000f0580000, 0x0000000100000000)
  eden space 41472K, 53% used [0x00000000ec800000,0x00000000edd79090,0x00000000ef080000)
  from space 8192K, 81% used [0x00000000efd80000,0x00000000f040ea68,0x00000000f0580000)
  to   space 10752K, 0% used [0x00000000ef080000,0x00000000ef080000,0x00000000efb00000)
 ParOldGen       total 41472K, used 17197K [0x00000000c5800000, 0x00000000c8080000, 0x00000000ec800000)
  object space 41472K, 41% used [0x00000000c5800000,0x00000000c68cb740,0x00000000c8080000)
 Metaspace       used 33775K, capacity 35224K, committed 35416K, reserved 1079296K
  class space    used 4590K, capacity 4877K, committed 4992K, reserved 1048576K
Event: 12.232 GC heap after
Heap after GC invocations=8 (full 1):
 PSYoungGen      total 52224K, used 8985K [0x00000000ec800000, 0x00000000f1d00000, 0x0000000100000000)
  eden space 41472K, 0% used [0x00000000ec800000,0x00000000ec800000,0x00000000ef080000)
  from space 10752K, 83% used [0x00000000ef080000,0x00000000ef946430,0x00000000efb00000)
  to   space 11776K, 0% used [0x00000000f1180000,0x00000000f1180000,0x00000000f1d00000)
 ParOldGen       total 41472K, used 17205K [0x00000000c5800000, 0x00000000c8080000, 0x00000000ec800000)
  object space 41472K, 41% used [0x00000000c5800000,0x00000000c68cd740,0x00000000c8080000)
 Metaspace       used 33775K, capacity 35224K, committed 35416K, reserved 1079296K
  class space    used 4590K, capacity 4877K, committed 4992K, reserved 1048576K
}
Event: 12.232 GC heap before
{Heap before GC invocations=9 (full 2):
 PSYoungGen      total 52224K, used 8985K [0x00000000ec800000, 0x00000000f1d00000, 0x0000000100000000)
  eden space 41472K, 0% used [0x00000000ec800000,0x00000000ec800000,0x00000000ef080000)
  from space 10752K, 83% used [0x00000000ef080000,0x00000000ef946430,0x00000000efb00000)
  to   space 11776K, 0% used [0x00000000f1180000,0x00000000f1180000,0x00000000f1d00000)
 ParOldGen       total 41472K, used 17205K [0x00000000c5800000, 0x00000000c8080000, 0x00000000ec800000)
  object space 41472K, 41% used [0x00000000c5800000,0x00000000c68cd740,0x00000000c8080000)
 Metaspace       used 33775K, capacity 35224K, committed 35416K, reserved 1079296K
  class space    used 4590K, capacity 4877K, committed 4992K, reserved 1048576K
Event: 12.297 GC heap after
Heap after GC invocations=9 (full 2):
 PSYoungGen      total 52224K, used 0K [0x00000000ec800000, 0x00000000f1d00000, 0x0000000100000000)
  eden space 41472K, 0% used [0x00000000ec800000,0x00000000ec800000,0x00000000ef080000)
  from space 10752K, 0% used [0x00000000ef080000,0x00000000ef080000,0x00000000efb00000)
  to   space 11776K, 0% used [0x00000000f1180000,0x00000000f1180000,0x00000000f1d00000)
 ParOldGen       total 62976K, used 21045K [0x00000000c5800000, 0x00000000c9580000, 0x00000000ec800000)
  object space 62976K, 33% used [0x00000000c5800000,0x00000000c6c8d468,0x00000000c9580000)
 Metaspace       used 33775K, capacity 35224K, committed 35416K, reserved 1079296K
  class space    used 4590K, capacity 4877K, committed 4992K, reserved 1048576K
}
Event: 12.734 GC heap before
{Heap before GC invocations=10 (full 2):
 PSYoungGen      total 52224K, used 41472K [0x00000000ec800000, 0x00000000f1d00000, 0x0000000100000000)
  eden space 41472K, 100% used [0x00000000ec800000,0x00000000ef080000,0x00000000ef080000)
  from space 10752K, 0% used [0x00000000ef080000,0x00000000ef080000,0x00000000efb00000)
  to   space 11776K, 0% used [0x00000000f1180000,0x00000000f1180000,0x00000000f1d00000)
 ParOldGen       total 62976K, used 21045K [0x00000000c5800000, 0x00000000c9580000, 0x00000000ec800000)
  object space 62976K, 33% used [0x00000000c5800000,0x00000000c6c8d468,0x00000000c9580000)
 Metaspace       used 37391K, capacity 38846K, committed 39000K, reserved 1083392K
  class space    used 4956K, capacity 5230K, committed 5248K, reserved 1048576K
Event: 12.742 GC heap after
Heap after GC invocations=10 (full 2):
 PSYoungGen      total 75776K, used 4978K [0x00000000ec800000, 0x00000000f1e80000, 0x0000000100000000)
  eden space 64000K, 0% used [0x00000000ec800000,0x00000000ec800000,0x00000000f0680000)
  from space 11776K, 42% used [0x00000000f1180000,0x00000000f165c820,0x00000000f1d00000)
  to   space 11264K, 0% used [0x00000000f0680000,0x00000000f0680000,0x00000000f1180000)
 ParOldGen       total 62976K, used 21045K [0x00000000c5800000, 0x00000000c9580000, 0x00000000ec800000)
  object space 62976K, 33% used [0x00000000c5800000,0x00000000c6c8d468,0x00000000c9580000)
 Metaspace       used 37391K, capacity 38846K, committed 39000K, reserved 1083392K
  class space    used 4956K, capacity 5230K, committed 5248K, reserved 1048576K
}

